<?xml version="1.0" encoding="UTF-8"?>
<testng-results ignored="0" total="1" passed="1" failed="0" skipped="0">
  <reporter-output>
  </reporter-output>
  <suite started-at="2021-05-26T16:34:05 ART" name="Surefire suite" finished-at="2021-05-26T16:34:05 ART" duration-ms="0">
    <groups>
    </groups>
    <test started-at="2021-05-26T16:34:05 ART" name="Surefire test" finished-at="2021-05-26T16:34:05 ART" duration-ms="0">
      <class name="mavenproject.selenium1.AppTest">
        <test-method signature="testApp()[pri:0, instance:testApp(mavenproject.selenium1.AppTest)]" started-at="2021-05-26T16:34:05 ART" name="testApp" finished-at="2021-05-26T16:34:05 ART" duration-ms="0" status="PASS">
          <reporter-output>
          </reporter-output>
        </test-method> <!-- testApp -->
      </class> <!-- mavenproject.selenium1.AppTest -->
    </test> <!-- Surefire test -->
  </suite> <!-- Surefire suite -->
</testng-results>
