<?xml version="1.0" encoding="UTF-8"?>
<testng-results ignored="0" total="2" passed="2" failed="0" skipped="0">
  <reporter-output>
  </reporter-output>
  <suite started-at="2021-05-26T16:34:05 ART" name="Surefire suite" finished-at="2021-05-26T16:34:05 ART" duration-ms="31">
    <groups>
    </groups>
    <test started-at="2021-05-26T16:34:05 ART" name="Surefire test" finished-at="2021-05-26T16:34:05 ART" duration-ms="31">
      <class name="mavenproject.selenium1.Test2">
        <test-method signature="testmethod2()[pri:0, instance:mavenproject.selenium1.Test2@442675e1]" started-at="2021-05-26T16:34:05 ART" name="testmethod2" finished-at="2021-05-26T16:34:05 ART" duration-ms="0" status="PASS">
          <reporter-output>
          </reporter-output>
        </test-method> <!-- testmethod2 -->
      </class> <!-- mavenproject.selenium1.Test2 -->
      <class name="mavenproject.selenium1.Test1">
        <test-method signature="testcase1()[pri:0, instance:mavenproject.selenium1.Test1@23bb8443]" started-at="2021-05-26T16:34:05 ART" name="testcase1" finished-at="2021-05-26T16:34:05 ART" duration-ms="16" status="PASS">
          <reporter-output>
          </reporter-output>
        </test-method> <!-- testcase1 -->
      </class> <!-- mavenproject.selenium1.Test1 -->
    </test> <!-- Surefire test -->
  </suite> <!-- Surefire suite -->
</testng-results>
