<?xml version="1.0" encoding="UTF-8"?>
<testsuite xmlns:xsi="http://www.w3.org/2001/XMLSchema-instance" xsi:noNamespaceSchemaLocation="https://maven.apache.org/surefire/maven-surefire-plugin/xsd/surefire-test-report-3.0.xsd" version="3.0" name="TestSuite" time="8.688" tests="3" errors="0" skipped="0" failures="0">
  <properties>
[...]
</properties>
  <testcase name="runScenario[&quot;Search using different words.&quot;, &quot;Optional[Cucumber test]&quot;](1)" classname="cucumberOptions.TestNGRunner" time="0.086"/>
  <testcase name="runScenario[&quot;login&quot;, &quot;Optional[Cucumber test]&quot;](2)" classname="cucumberOptions.TestNGRunner" time="4.362">
    <system-err><![CDATA[Starting ChromeDriver 90.0.4430.24 (4c6d850f087da467d926e8eddb76550aed655991-refs/branch-heads/4430@{#429}) on port 48447
Only local connections are allowed.
Please see https://chromedriver.chromium.org/security-considerations for suggestions on keeping ChromeDriver safe.
ChromeDriver was started successfully.
[1623780038.070][WARNING]: This version of ChromeDriver has not been tested with Chrome version 91.
jun. 15, 2021 3:00:38 P. M. org.openqa.selenium.remote.ProtocolHandshake createSession
INFO: Detected dialect: W3C
]]></system-err>
  </testcase>
  <testcase name="runScenario[&quot;login&quot;, &quot;Optional[Cucumber test]&quot;](3)" classname="cucumberOptions.TestNGRunner" time="3.586">
    <system-err><![CDATA[Starting ChromeDriver 90.0.4430.24 (4c6d850f087da467d926e8eddb76550aed655991-refs/branch-heads/4430@{#429}) on port 31311
Only local connections are allowed.
Please see https://chromedriver.chromium.org/security-considerations for suggestions on keeping ChromeDriver safe.
ChromeDriver was started successfully.
[1623780041.618][WARNING]: This version of ChromeDriver has not been tested with Chrome version 91.
jun. 15, 2021 3:00:41 P. M. org.openqa.selenium.remote.ProtocolHandshake createSession
INFO: Detected dialect: W3C
]]></system-err>
  </testcase>
</testsuite>