<?xml version="1.0" encoding="UTF-8"?>
<testng-results ignored="0" total="3" passed="3" failed="0" skipped="0">
  <reporter-output>
  </reporter-output>
  <suite started-at="2021-06-15T15:56:30 ART" name="Suite" finished-at="2021-06-15T15:56:46 ART" duration-ms="16170">
    <groups>
      <group name="cucumber">
        <method signature="AbstractTestNGCucumberTests.runScenario(io.cucumber.testng.PickleWrapper,io.cucumber.testng.FeatureWrapper)[pri:0, instance:cucumberOptions.TestNGRunner@31d7b7bf]" name="runScenario" class="io.cucumber.testng.AbstractTestNGCucumberTests"/>
      </group> <!-- cucumber -->
    </groups>
    <test started-at="2021-06-15T15:56:30 ART" name="Test" finished-at="2021-06-15T15:56:46 ART" duration-ms="16170">
      <class name="cucumberOptions.TestNGRunner">
        <test-method is-config="true" signature="setUpClass()[pri:0, instance:cucumberOptions.TestNGRunner@31d7b7bf]" started-at="2021-06-15T15:56:30 ART" name="setUpClass" finished-at="2021-06-15T15:56:30 ART" duration-ms="188" status="PASS">
          <reporter-output>
          </reporter-output>
        </test-method> <!-- setUpClass -->
        <test-method signature="runScenario(io.cucumber.testng.PickleWrapper,io.cucumber.testng.FeatureWrapper)[pri:0, instance:cucumberOptions.TestNGRunner@31d7b7bf]" started-at="2021-06-15T15:56:30 ART" name="runScenario" description="Runs Cucumber Scenarios" data-provider="scenarios" finished-at="2021-06-15T15:56:30 ART" duration-ms="94" status="PASS">
          <params>
            <param index="0">
              <value>
                <![CDATA["Search using different words."]]>
              </value>
            </param>
            <param index="1">
              <value>
                <![CDATA["Optional[Cucumber test]"]]>
              </value>
            </param>
          </params>
          <reporter-output>
          </reporter-output>
        </test-method> <!-- runScenario -->
        <test-method signature="runScenario(io.cucumber.testng.PickleWrapper,io.cucumber.testng.FeatureWrapper)[pri:0, instance:cucumberOptions.TestNGRunner@31d7b7bf]" started-at="2021-06-15T15:56:30 ART" name="runScenario" description="Runs Cucumber Scenarios" data-provider="scenarios" finished-at="2021-06-15T15:56:38 ART" duration-ms="8127" status="PASS">
          <params>
            <param index="0">
              <value>
                <![CDATA["login"]]>
              </value>
            </param>
            <param index="1">
              <value>
                <![CDATA["Optional[Cucumber test]"]]>
              </value>
            </param>
          </params>
          <reporter-output>
          </reporter-output>
        </test-method> <!-- runScenario -->
        <test-method signature="runScenario(io.cucumber.testng.PickleWrapper,io.cucumber.testng.FeatureWrapper)[pri:0, instance:cucumberOptions.TestNGRunner@31d7b7bf]" started-at="2021-06-15T15:56:38 ART" name="runScenario" description="Runs Cucumber Scenarios" data-provider="scenarios" finished-at="2021-06-15T15:56:46 ART" duration-ms="7705" status="PASS">
          <params>
            <param index="0">
              <value>
                <![CDATA["login"]]>
              </value>
            </param>
            <param index="1">
              <value>
                <![CDATA["Optional[Cucumber test]"]]>
              </value>
            </param>
          </params>
          <reporter-output>
          </reporter-output>
        </test-method> <!-- runScenario -->
        <test-method is-config="true" signature="tearDownClass()[pri:0, instance:cucumberOptions.TestNGRunner@31d7b7bf]" started-at="2021-06-15T15:56:46 ART" name="tearDownClass" finished-at="2021-06-15T15:56:46 ART" duration-ms="17" status="PASS">
          <reporter-output>
          </reporter-output>
        </test-method> <!-- tearDownClass -->
      </class> <!-- cucumberOptions.TestNGRunner -->
    </test> <!-- Test -->
  </suite> <!-- Suite -->
</testng-results>
