<?xml version="1.0" encoding="UTF-8"?>
<testng-results ignored="0" total="3" passed="3" failed="0" skipped="0">
  <reporter-output>
  </reporter-output>
  <suite started-at="2021-06-15T15:00:35 ART" name="Suite" finished-at="2021-06-15T15:00:44 ART" duration-ms="8233">
    <groups>
      <group name="cucumber">
        <method signature="AbstractTestNGCucumberTests.runScenario(io.cucumber.testng.PickleWrapper,io.cucumber.testng.FeatureWrapper)[pri:0, instance:cucumberOptions.TestNGRunner@31d7b7bf]" name="runScenario" class="io.cucumber.testng.AbstractTestNGCucumberTests"/>
      </group> <!-- cucumber -->
    </groups>
    <test started-at="2021-06-15T15:00:35 ART" name="Test" finished-at="2021-06-15T15:00:44 ART" duration-ms="8233">
      <class name="cucumberOptions.TestNGRunner">
        <test-method is-config="true" signature="setUpClass()[pri:0, instance:cucumberOptions.TestNGRunner@31d7b7bf]" started-at="2021-06-15T15:00:35 ART" name="setUpClass" finished-at="2021-06-15T15:00:36 ART" duration-ms="196" status="PASS">
          <reporter-output>
          </reporter-output>
        </test-method> <!-- setUpClass -->
        <test-method signature="runScenario(io.cucumber.testng.PickleWrapper,io.cucumber.testng.FeatureWrapper)[pri:0, instance:cucumberOptions.TestNGRunner@31d7b7bf]" started-at="2021-06-15T15:00:36 ART" name="runScenario" description="Runs Cucumber Scenarios" data-provider="scenarios" finished-at="2021-06-15T15:00:36 ART" duration-ms="85" status="PASS">
          <params>
            <param index="0">
              <value>
                <![CDATA["Search using different words."]]>
              </value>
            </param>
            <param index="1">
              <value>
                <![CDATA["Optional[Cucumber test]"]]>
              </value>
            </param>
          </params>
          <reporter-output>
          </reporter-output>
        </test-method> <!-- runScenario -->
        <test-method signature="runScenario(io.cucumber.testng.PickleWrapper,io.cucumber.testng.FeatureWrapper)[pri:0, instance:cucumberOptions.TestNGRunner@31d7b7bf]" started-at="2021-06-15T15:00:36 ART" name="runScenario" description="Runs Cucumber Scenarios" data-provider="scenarios" finished-at="2021-06-15T15:00:40 ART" duration-ms="4347" status="PASS">
          <params>
            <param index="0">
              <value>
                <![CDATA["login"]]>
              </value>
            </param>
            <param index="1">
              <value>
                <![CDATA["Optional[Cucumber test]"]]>
              </value>
            </param>
          </params>
          <reporter-output>
          </reporter-output>
        </test-method> <!-- runScenario -->
        <test-method signature="runScenario(io.cucumber.testng.PickleWrapper,io.cucumber.testng.FeatureWrapper)[pri:0, instance:cucumberOptions.TestNGRunner@31d7b7bf]" started-at="2021-06-15T15:00:40 ART" name="runScenario" description="Runs Cucumber Scenarios" data-provider="scenarios" finished-at="2021-06-15T15:00:44 ART" duration-ms="3564" status="PASS">
          <params>
            <param index="0">
              <value>
                <![CDATA["login"]]>
              </value>
            </param>
            <param index="1">
              <value>
                <![CDATA["Optional[Cucumber test]"]]>
              </value>
            </param>
          </params>
          <reporter-output>
          </reporter-output>
        </test-method> <!-- runScenario -->
        <test-method is-config="true" signature="tearDownClass()[pri:0, instance:cucumberOptions.TestNGRunner@31d7b7bf]" started-at="2021-06-15T15:00:44 ART" name="tearDownClass" finished-at="2021-06-15T15:00:44 ART" duration-ms="14" status="PASS">
          <reporter-output>
          </reporter-output>
        </test-method> <!-- tearDownClass -->
      </class> <!-- cucumberOptions.TestNGRunner -->
    </test> <!-- Test -->
  </suite> <!-- Suite -->
</testng-results>
