<?xml version="1.0" encoding="UTF-8"?>
<testng-results ignored="0" total="3" passed="3" failed="0" skipped="0">
  <reporter-output>
  </reporter-output>
  <suite started-at="2021-06-15T14:59:55 ART" name="Default suite" finished-at="2021-06-15T15:00:06 ART" duration-ms="11271">
    <groups>
      <group name="cucumber">
        <method signature="AbstractTestNGCucumberTests.runScenario(io.cucumber.testng.PickleWrapper, io.cucumber.testng.FeatureWrapper)[pri:0, instance:cucumberOptions.TestNGRunner@4fb0f2b9]" name="runScenario" class="io.cucumber.testng.AbstractTestNGCucumberTests"/>
      </group> <!-- cucumber -->
    </groups>
    <test started-at="2021-06-15T14:59:55 ART" name="Default test" finished-at="2021-06-15T15:00:06 ART" duration-ms="11271">
      <class name="cucumberOptions.TestNGRunner">
        <test-method is-config="true" signature="setUpClass()[pri:0, instance:cucumberOptions.TestNGRunner@4fb0f2b9]" started-at="2021-06-15T14:59:55 ART" name="setUpClass" finished-at="2021-06-15T14:59:55 ART" duration-ms="210" status="PASS">
          <reporter-output>
          </reporter-output>
        </test-method> <!-- setUpClass -->
        <test-method signature="runScenario(io.cucumber.testng.PickleWrapper, io.cucumber.testng.FeatureWrapper)[pri:0, instance:cucumberOptions.TestNGRunner@4fb0f2b9]" started-at="2021-06-15T14:59:55 ART" name="runScenario" description="Runs Cucumber Scenarios" data-provider="scenarios" finished-at="2021-06-15T14:59:55 ART" duration-ms="86" status="PASS">
          <params>
            <param index="0">
              <value>
                <![CDATA["Search using different words."]]>
              </value>
            </param>
            <param index="1">
              <value>
                <![CDATA["Optional[Cucumber test]"]]>
              </value>
            </param>
          </params>
          <reporter-output>
          </reporter-output>
        </test-method> <!-- runScenario -->
        <test-method signature="runScenario(io.cucumber.testng.PickleWrapper, io.cucumber.testng.FeatureWrapper)[pri:0, instance:cucumberOptions.TestNGRunner@4fb0f2b9]" started-at="2021-06-15T14:59:55 ART" name="runScenario" description="Runs Cucumber Scenarios" data-provider="scenarios" finished-at="2021-06-15T15:00:01 ART" duration-ms="5618" status="PASS">
          <params>
            <param index="0">
              <value>
                <![CDATA["login"]]>
              </value>
            </param>
            <param index="1">
              <value>
                <![CDATA["Optional[Cucumber test]"]]>
              </value>
            </param>
          </params>
          <reporter-output>
          </reporter-output>
        </test-method> <!-- runScenario -->
        <test-method signature="runScenario(io.cucumber.testng.PickleWrapper, io.cucumber.testng.FeatureWrapper)[pri:0, instance:cucumberOptions.TestNGRunner@4fb0f2b9]" started-at="2021-06-15T15:00:01 ART" name="runScenario" description="Runs Cucumber Scenarios" data-provider="scenarios" finished-at="2021-06-15T15:00:06 ART" duration-ms="5320" status="PASS">
          <params>
            <param index="0">
              <value>
                <![CDATA["login"]]>
              </value>
            </param>
            <param index="1">
              <value>
                <![CDATA["Optional[Cucumber test]"]]>
              </value>
            </param>
          </params>
          <reporter-output>
          </reporter-output>
        </test-method> <!-- runScenario -->
        <test-method is-config="true" signature="tearDownClass()[pri:0, instance:cucumberOptions.TestNGRunner@4fb0f2b9]" started-at="2021-06-15T15:00:06 ART" name="tearDownClass" finished-at="2021-06-15T15:00:06 ART" duration-ms="10" status="PASS">
          <reporter-output>
          </reporter-output>
        </test-method> <!-- tearDownClass -->
      </class> <!-- cucumberOptions.TestNGRunner -->
    </test> <!-- Default test -->
  </suite> <!-- Default suite -->
</testng-results>
